/.html               [33m (Status: 403)[0m [Size: 277]
/index.php           [32m (Status: 200)[0m [Size: 5815]
/.htm                [33m (Status: 403)[0m [Size: 277]
/.                   [32m (Status: 200)[0m [Size: 5815]
/.htaccess           [33m (Status: 403)[0m [Size: 277]
/.htc                [33m (Status: 403)[0m [Size: 277]
/.html_var_DE        [33m (Status: 403)[0m [Size: 277]
/server-status       [33m (Status: 403)[0m [Size: 277]
/.htpasswd           [33m (Status: 403)[0m [Size: 277]
/.html.              [33m (Status: 403)[0m [Size: 277]
/.html.html          [33m (Status: 403)[0m [Size: 277]
/.htpasswds          [33m (Status: 403)[0m [Size: 277]
/.htm.               [33m (Status: 403)[0m [Size: 277]
/.htmll              [33m (Status: 403)[0m [Size: 277]
/.html.old           [33m (Status: 403)[0m [Size: 277]
/.ht                 [33m (Status: 403)[0m [Size: 277]
/.html.bak           [33m (Status: 403)[0m [Size: 277]
/.htm.htm            [33m (Status: 403)[0m [Size: 277]
/.hta                [33m (Status: 403)[0m [Size: 277]
/.html1              [33m (Status: 403)[0m [Size: 277]
/.htgroup            [33m (Status: 403)[0m [Size: 277]
/.html.LCK           [33m (Status: 403)[0m [Size: 277]
/.html.printable     [33m (Status: 403)[0m [Size: 277]
/.htm.LCK            [33m (Status: 403)[0m [Size: 277]
/.htaccess.bak       [33m (Status: 403)[0m [Size: 277]
/.htmls              [33m (Status: 403)[0m [Size: 277]
/.htx                [33m (Status: 403)[0m [Size: 277]
/.htlm               [33m (Status: 403)[0m [Size: 277]
/.html-              [33m (Status: 403)[0m [Size: 277]
/.htm2               [33m (Status: 403)[0m [Size: 277]
/.htuser             [33m (Status: 403)[0m [Size: 277]
